<?xml version="1.0" encoding="UTF-8"?>
<testng-results ignored="0" total="4" passed="4" failed="0" skipped="0">
  <reporter-output>
  </reporter-output>
  <suite started-at="2024-04-30T16:56:01 WEST" name="PetSuite" finished-at="2024-04-30T16:56:06 WEST" duration-ms="5501">
    <groups>
    </groups>
    <test started-at="2024-04-30T16:56:01 WEST" name="PetTest" finished-at="2024-04-30T16:56:06 WEST" duration-ms="5501">
      <class name="api.test.UserTest2">
        <test-method is-config="true" signature="setup()[pri:0, instance:api.test.UserTest2@294425a7]" started-at="2024-04-30T16:56:01 WEST" name="setup" finished-at="2024-04-30T16:56:02 WEST" duration-ms="745" status="PASS">
          <reporter-output>
          </reporter-output>
        </test-method> <!-- setup -->
        <test-method signature="testPostUser()[pri:1, instance:api.test.UserTest2@294425a7]" started-at="2024-04-30T16:56:02 WEST" name="testPostUser" finished-at="2024-04-30T16:56:04 WEST" duration-ms="2328" status="PASS">
          <reporter-output>
          </reporter-output>
        </test-method> <!-- testPostUser -->
        <test-method signature="testGetUserByName()[pri:2, instance:api.test.UserTest2@294425a7]" started-at="2024-04-30T16:56:04 WEST" name="testGetUserByName" finished-at="2024-04-30T16:56:05 WEST" duration-ms="543" status="PASS">
          <reporter-output>
          </reporter-output>
        </test-method> <!-- testGetUserByName -->
        <test-method signature="testUpdateUserByName()[pri:3, instance:api.test.UserTest2@294425a7]" started-at="2024-04-30T16:56:05 WEST" name="testUpdateUserByName" finished-at="2024-04-30T16:56:06 WEST" duration-ms="1053" status="PASS">
          <reporter-output>
          </reporter-output>
        </test-method> <!-- testUpdateUserByName -->
        <test-method signature="testDeleteUserByName()[pri:4, instance:api.test.UserTest2@294425a7]" started-at="2024-04-30T16:56:06 WEST" name="testDeleteUserByName" finished-at="2024-04-30T16:56:06 WEST" duration-ms="526" status="PASS">
          <reporter-output>
          </reporter-output>
        </test-method> <!-- testDeleteUserByName -->
      </class> <!-- api.test.UserTest2 -->
    </test> <!-- PetTest -->
  </suite> <!-- PetSuite -->
</testng-results>
