<?xml version="1.0" encoding="UTF-8"?>
<!-- Generated by org.testng.reporters.JUnitXMLReporter -->
<testsuite ignored="0" hostname="BrunoNew" failures="0" tests="4" name="PetTest" time="5.501" errors="0" timestamp="2024-04-30T16:56:06 WEST">
  <testcase classname="api.test.UserTest2" name="testPostUser" time="2.328"/>
  <testcase classname="api.test.UserTest2" name="testGetUserByName" time="0.543"/>
  <testcase classname="api.test.UserTest2" name="testUpdateUserByName" time="1.053"/>
  <testcase classname="api.test.UserTest2" name="testDeleteUserByName" time="0.526"/>
</testsuite> <!-- PetTest -->
